【2022-11-19 10:24:03】
index: 2
You must provide at least one recipient email address.

【2022-11-19 10:24:03】
index: 2
You must provide at least one recipient email address.

【2022-11-19 10:24:03】
index: 2
You must provide at least one recipient email address.

【2022-12-18 17:12:10】
index: 1
You must provide at least one recipient email address.

【2022-12-18 17:12:10】
index: 1
You must provide at least one recipient email address.

【2022-12-18 17:12:10】
index: 1
You must provide at least one recipient email address.

【2023-01-02 18:51:50】
index: 1
You must provide at least one recipient email address.

【2023-01-02 18:51:50】
index: 1
You must provide at least one recipient email address.

【2023-01-02 18:51:50】
index: 1
You must provide at least one recipient email address.

【2023-04-24 20:48:57】
index: 2
You must provide at least one recipient email address.

【2023-04-24 20:48:57】
index: 1
You must provide at least one recipient email address.

【2023-04-24 20:48:57】
index: 2
You must provide at least one recipient email address.

【2023-06-22 23:53:55】
index: 2
You must provide at least one recipient email address.

【2023-06-22 23:53:55】
index: 1
You must provide at least one recipient email address.

【2023-06-22 23:53:55】
index: 2
You must provide at least one recipient email address.

【2023-06-23 00:39:02】
index: 1
SMTP Error: Could not authenticate.

【2023-06-23 00:39:02】
index: 1
SMTP Error: Could not authenticate.

【2023-06-23 00:39:03】
index: 2
SMTP Error: Could not authenticate.<p>SMTP server error: </p>


